[     232ms] [INFO] %cDownload the React DevTools for a better development experience: https://react.dev/link/react-devtools font-weight:bold @ http://localhost:5173/node_modules/.vite/deps/react-dom_client.js?v=b59fe2f3:14337
[    1333ms] [ERROR] Failed to load resource: the server responded with a status of 404 () @ https://m.media-amazon.com/images/I/71KJCyVxI+L._AC_SX679_.jpg:0
[    1335ms] [ERROR] Failed to load resource: the server responded with a status of 404 () @ https://m.media-amazon.com/images/I/71c5DXJB23L._AC_SX679_.jpg:0
[    1339ms] [ERROR] Failed to load resource: the server responded with a status of 404 () @ https://m.media-amazon.com/images/I/71AKpCzQRQL._AC_SX679_.jpg:0
[    1357ms] [ERROR] Failed to load resource: the server responded with a status of 404 () @ https://m.media-amazon.com/images/I/61u2JxU7kLL._AC_SX679_.jpg:0
[    8861ms] [ERROR] Failed to load resource: the server responded with a status of 404 () @ https://m.media-amazon.com/images/I/71E3wwnNpHL._AC_SX679_.jpg:0
[    8866ms] [ERROR] Failed to load resource: the server responded with a status of 404 () @ https://m.media-amazon.com/images/I/81VU8kSIERL._AC_SX679_.jpg:0
[    8866ms] [ERROR] Failed to load resource: the server responded with a status of 404 () @ https://m.media-amazon.com/images/I/81a+HBvVKBL._AC_SX679_.jpg:0
[    8867ms] [ERROR] Failed to load resource: the server responded with a status of 404 () @ https://m.media-amazon.com/images/I/71A3Bw8NKOL._AC_SX679_.jpg:0
[    8868ms] [ERROR] Failed to load resource: the server responded with a status of 404 () @ https://m.media-amazon.com/images/I/81z4DNTPIXL._AC_SX679_.jpg:0
[   10956ms] [ERROR] Failed to load resource: the server responded with a status of 404 () @ https://m.media-amazon.com/images/I/71xTlSMJB8L._AC_SX679_.jpg:0
[   10985ms] [ERROR] Failed to load resource: the server responded with a status of 404 () @ https://m.media-amazon.com/images/I/51qpGCLuhuL._AC_SX679_.jpg:0
[   10998ms] [ERROR] Failed to load resource: the server responded with a status of 404 () @ https://m.media-amazon.com/images/I/71gGBFMPcDL._AC_SX679_.jpg:0
[   11240ms] [ERROR] Failed to load resource: the server responded with a status of 404 () @ https://m.media-amazon.com/images/I/71K2O7p+OhL._AC_SX679_.jpg:0
[   11241ms] [ERROR] Failed to load resource: the server responded with a status of 404 () @ https://m.media-amazon.com/images/I/71PoL3ykMQL._AC_SX679_.jpg:0
[   11244ms] [ERROR] Failed to load resource: the server responded with a status of 404 () @ https://m.media-amazon.com/images/I/81gT2RxKwVL._AC_SX679_.jpg:0
[   11245ms] [ERROR] Failed to load resource: the server responded with a status of 404 () @ https://m.media-amazon.com/images/I/71oLXRSxuAL._AC_SX679_.jpg:0
[   11254ms] [ERROR] Failed to load resource: the server responded with a status of 404 () @ https://m.media-amazon.com/images/I/71V4W5JPZBL._AC_SX679_.jpg:0
[   13078ms] [ERROR] Failed to load resource: the server responded with a status of 404 () @ https://m.media-amazon.com/images/I/81RJVZ1DKZL._AC_SX679_.jpg:0
[   13081ms] [ERROR] Failed to load resource: the server responded with a status of 404 () @ https://m.media-amazon.com/images/I/71V0jVa7FRL._AC_SX679_.jpg:0
[   13094ms] [ERROR] Failed to load resource: the server responded with a status of 404 () @ https://m.media-amazon.com/images/I/71ABe1GVGWL._AC_SX679_.jpg:0
[   13095ms] [ERROR] Failed to load resource: the server responded with a status of 404 () @ https://m.media-amazon.com/images/I/71rkWdQ+VoL._AC_SX679_.jpg:0
[   13102ms] [ERROR] Failed to load resource: the server responded with a status of 404 () @ https://m.media-amazon.com/images/I/71mD7DumLWL._AC_SX679_.jpg:0
