[     138ms] [INFO] %cDownload the React DevTools for a better development experience: https://react.dev/link/react-devtools font-weight:bold @ http://localhost:5173/node_modules/.vite/deps/react-dom_client.js?v=b59fe2f3:14337
[     975ms] [ERROR] Failed to load resource: the server responded with a status of 404 () @ https://m.media-amazon.com/images/I/51I31-jVOEL._AC_SX679_.jpg:0
[     976ms] [ERROR] Failed to load resource: the server responded with a status of 404 () @ https://m.media-amazon.com/images/I/41RKi3zEPKL._AC_SX679_.jpg:0
[     976ms] [ERROR] Failed to load resource: the server responded with a status of 404 () @ https://m.media-amazon.com/images/I/51Bj0SFD3bL._AC_SX679_.jpg:0
[     976ms] [ERROR] Failed to load resource: the server responded with a status of 404 () @ https://m.media-amazon.com/images/I/61pJRyMpBhL._AC_SX679_.jpg:0
[     976ms] [ERROR] Failed to load resource: the server responded with a status of 404 () @ https://m.media-amazon.com/images/I/51Ky0duJ1lL._AC_SX679_.jpg:0
[     977ms] [ERROR] Failed to load resource: the server responded with a status of 404 () @ https://m.media-amazon.com/images/I/61yLKHhEIkL._AC_SX679_.jpg:0
[     977ms] [ERROR] Failed to load resource: the server responded with a status of 404 () @ https://m.media-amazon.com/images/I/61e8SHlcJiL._AC_SX679_.jpg:0
[     983ms] [ERROR] Failed to load resource: the server responded with a status of 404 () @ https://m.media-amazon.com/images/I/51JGBjDsaAL._AC_SX679_.jpg:0
[  124839ms] [INFO] %cDownload the React DevTools for a better development experience: https://react.dev/link/react-devtools font-weight:bold @ http://localhost:5173/node_modules/.vite/deps/react-dom_client.js?v=b59fe2f3:14337
[  125277ms] [ERROR] Failed to load resource: the server responded with a status of 404 () @ https://m.media-amazon.com/images/I/51I31-jVOEL._AC_SX679_.jpg:0
[  125277ms] [ERROR] Failed to load resource: the server responded with a status of 404 () @ https://m.media-amazon.com/images/I/61yLKHhEIkL._AC_SX679_.jpg:0
[  125277ms] [ERROR] Failed to load resource: the server responded with a status of 404 () @ https://m.media-amazon.com/images/I/51Ky0duJ1lL._AC_SX679_.jpg:0
[  125278ms] [ERROR] Failed to load resource: the server responded with a status of 404 () @ https://m.media-amazon.com/images/I/61pJRyMpBhL._AC_SX679_.jpg:0
[  125278ms] [ERROR] Failed to load resource: the server responded with a status of 404 () @ https://m.media-amazon.com/images/I/51JGBjDsaAL._AC_SX679_.jpg:0
[  125279ms] [ERROR] Failed to load resource: the server responded with a status of 404 () @ https://m.media-amazon.com/images/I/61e8SHlcJiL._AC_SX679_.jpg:0
[  125279ms] [ERROR] Failed to load resource: the server responded with a status of 404 () @ https://m.media-amazon.com/images/I/41RKi3zEPKL._AC_SX679_.jpg:0
[  125280ms] [ERROR] Failed to load resource: the server responded with a status of 404 () @ https://m.media-amazon.com/images/I/51Bj0SFD3bL._AC_SX679_.jpg:0
[  126796ms] [ERROR] Failed to load resource: the server responded with a status of 404 () @ https://m.media-amazon.com/images/I/61yLKHhEIkL._AC_SX679_.jpg:0
[  126796ms] [ERROR] Failed to load resource: the server responded with a status of 404 () @ https://m.media-amazon.com/images/I/51Ky0duJ1lL._AC_SX679_.jpg:0
[  126797ms] [ERROR] Failed to load resource: the server responded with a status of 404 () @ https://m.media-amazon.com/images/I/61pJRyMpBhL._AC_SX679_.jpg:0
[  128718ms] [ERROR] Failed to load resource: the server responded with a status of 404 () @ https://m.media-amazon.com/images/I/51I31-jVOEL._AC_SX679_.jpg:0
[  128718ms] [ERROR] Failed to load resource: the server responded with a status of 404 () @ https://m.media-amazon.com/images/I/61yLKHhEIkL._AC_SX679_.jpg:0
[  128719ms] [ERROR] Failed to load resource: the server responded with a status of 404 () @ https://m.media-amazon.com/images/I/51Ky0duJ1lL._AC_SX679_.jpg:0
[  128719ms] [ERROR] Failed to load resource: the server responded with a status of 404 () @ https://m.media-amazon.com/images/I/61pJRyMpBhL._AC_SX679_.jpg:0
[  128719ms] [ERROR] Failed to load resource: the server responded with a status of 404 () @ https://m.media-amazon.com/images/I/51JGBjDsaAL._AC_SX679_.jpg:0
[  128719ms] [ERROR] Failed to load resource: the server responded with a status of 404 () @ https://m.media-amazon.com/images/I/61e8SHlcJiL._AC_SX679_.jpg:0
[  128719ms] [ERROR] Failed to load resource: the server responded with a status of 404 () @ https://m.media-amazon.com/images/I/41RKi3zEPKL._AC_SX679_.jpg:0
[  128719ms] [ERROR] Failed to load resource: the server responded with a status of 404 () @ https://m.media-amazon.com/images/I/51Bj0SFD3bL._AC_SX679_.jpg:0
