[     108ms] [INFO] %cDownload the React DevTools for a better development experience: https://react.dev/link/react-devtools font-weight:bold @ http://localhost:5173/node_modules/.vite/deps/react-dom_client.js?v=6bd07c44:14337
[   14417ms] [INFO] %cDownload the React DevTools for a better development experience: https://react.dev/link/react-devtools font-weight:bold @ http://localhost:5173/node_modules/.vite/deps/react-dom_client.js?v=6bd07c44:14337
[   14759ms] [ERROR] Failed to load resource: the server responded with a status of 422 (Unprocessable Content) @ http://127.0.0.1:8000/reviews/product/1:0
[   14759ms] [ERROR] AxiosError: Request failed with status code 422
    at settle (http://localhost:5173/node_modules/.vite/deps/axios.js?v=ca66b0cb:1634:14)
    at XMLHttpRequest.onloadend (http://localhost:5173/node_modules/.vite/deps/axios.js?v=ca66b0cb:1951:4)
    at Axios$1.request (http://localhost:5173/node_modules/.vite/deps/axios.js?v=ca66b0cb:2518:37)
    at async loadReviews (http://localhost:5173/src/pages/ProductDetail.jsx:115:16) @ http://localhost:5173/src/pages/ProductDetail.jsx:117
[   14759ms] [ERROR] Failed to load resource: the server responded with a status of 422 (Unprocessable Content) @ http://127.0.0.1:8000/products/1:0
[   14759ms] [ERROR] AxiosError: Request failed with status code 422
    at settle (http://localhost:5173/node_modules/.vite/deps/axios.js?v=ca66b0cb:1634:14)
    at XMLHttpRequest.onloadend (http://localhost:5173/node_modules/.vite/deps/axios.js?v=ca66b0cb:1951:4)
    at Axios$1.request (http://localhost:5173/node_modules/.vite/deps/axios.js?v=ca66b0cb:2518:37)
    at async loadProduct (http://localhost:5173/src/pages/ProductDetail.jsx:97:16) @ http://localhost:5173/src/pages/ProductDetail.jsx:107
[   14763ms] [ERROR] Failed to load resource: the server responded with a status of 422 (Unprocessable Content) @ http://127.0.0.1:8000/products/1:0
[   14764ms] [ERROR] AxiosError: Request failed with status code 422
    at settle (http://localhost:5173/node_modules/.vite/deps/axios.js?v=ca66b0cb:1634:14)
    at XMLHttpRequest.onloadend (http://localhost:5173/node_modules/.vite/deps/axios.js?v=ca66b0cb:1951:4)
    at Axios$1.request (http://localhost:5173/node_modules/.vite/deps/axios.js?v=ca66b0cb:2518:37)
    at async loadProduct (http://localhost:5173/src/pages/ProductDetail.jsx:97:16) @ http://localhost:5173/src/pages/ProductDetail.jsx:107
[   14764ms] [ERROR] Failed to load resource: the server responded with a status of 422 (Unprocessable Content) @ http://127.0.0.1:8000/reviews/product/1:0
[   14765ms] [ERROR] AxiosError: Request failed with status code 422
    at settle (http://localhost:5173/node_modules/.vite/deps/axios.js?v=ca66b0cb:1634:14)
    at XMLHttpRequest.onloadend (http://localhost:5173/node_modules/.vite/deps/axios.js?v=ca66b0cb:1951:4)
    at Axios$1.request (http://localhost:5173/node_modules/.vite/deps/axios.js?v=ca66b0cb:2518:37)
    at async loadReviews (http://localhost:5173/src/pages/ProductDetail.jsx:115:16) @ http://localhost:5173/src/pages/ProductDetail.jsx:117
